-- The C compiler identification is GNU 13.3.0
-- The CXX compiler identification is GNU 13.3.0
-- Detecting C compiler ABI info
-- Detecting C compiler ABI info - done
-- Check for working C compiler: /usr/bin/cc - skipped
-- Detecting C compile features
-- Detecting C compile features - done
-- Detecting CXX compiler ABI info
-- Detecting CXX compiler ABI info - done
-- Check for working CXX compiler: /usr/bin/c++ - skipped
-- Detecting CXX compile features
-- Detecting CXX compile features - done
-- Found ament_cmake: 2.5.4 (/opt/ros/jazzy/share/ament_cmake/cmake)
-- Found Python3: /usr/bin/python3 (found version "3.12.3") found components: Interpreter 
-- Configuring done (0.9s)
-- Generating done (0.0s)
-- Build files have been written to: /home/harry/turtlesim_catcher/build/turtle_buildup
-- Install configuration: ""
-- Installing: /home/harry/turtlesim_catcher/install/turtle_buildup/share/turtle_buildup/launch
-- Installing: /home/harry/turtlesim_catcher/install/turtle_buildup/share/turtle_buildup/launch/turtlesim_catcher.launch.xml
-- Installing: /home/harry/turtlesim_catcher/install/turtle_buildup/share/ament_index/resource_index/package_run_dependencies/turtle_buildup
-- Installing: /home/harry/turtlesim_catcher/install/turtle_buildup/share/ament_index/resource_index/parent_prefix_path/turtle_buildup
-- Installing: /home/harry/turtlesim_catcher/install/turtle_buildup/share/turtle_buildup/environment/ament_prefix_path.sh
-- Installing: /home/harry/turtlesim_catcher/install/turtle_buildup/share/turtle_buildup/environment/ament_prefix_path.dsv
-- Installing: /home/harry/turtlesim_catcher/install/turtle_buildup/share/turtle_buildup/environment/path.sh
-- Installing: /home/harry/turtlesim_catcher/install/turtle_buildup/share/turtle_buildup/environment/path.dsv
-- Installing: /home/harry/turtlesim_catcher/install/turtle_buildup/share/turtle_buildup/local_setup.bash
-- Installing: /home/harry/turtlesim_catcher/install/turtle_buildup/share/turtle_buildup/local_setup.sh
-- Installing: /home/harry/turtlesim_catcher/install/turtle_buildup/share/turtle_buildup/local_setup.zsh
-- Installing: /home/harry/turtlesim_catcher/install/turtle_buildup/share/turtle_buildup/local_setup.dsv
-- Installing: /home/harry/turtlesim_catcher/install/turtle_buildup/share/turtle_buildup/package.dsv
-- Installing: /home/harry/turtlesim_catcher/install/turtle_buildup/share/ament_index/resource_index/packages/turtle_buildup
-- Installing: /home/harry/turtlesim_catcher/install/turtle_buildup/share/turtle_buildup/cmake/turtle_buildupConfig.cmake
-- Installing: /home/harry/turtlesim_catcher/install/turtle_buildup/share/turtle_buildup/cmake/turtle_buildupConfig-version.cmake
-- Installing: /home/harry/turtlesim_catcher/install/turtle_buildup/share/turtle_buildup/package.xml
