[0.011s] Invoking command in '/home/harry/turtlesim_catcher/build/turtle_buildup': CMAKE_PREFIX_PATH=${CMAKE_PREFIX_PATH}:/home/harry/turtlesim_catcher/install/turtlesim_catcher:/home/harry/ros2_workspace/install/my_py_pkg:/opt/ros/jazzy DEBUGINFOD_URLS=https://debuginfod.ubuntu.com /usr/bin/cmake /home/harry/turtlesim_catcher/src/turtle_buildup -DCMAKE_INSTALL_PREFIX=/home/harry/turtlesim_catcher/install/turtle_buildup
[0.131s] -- The C compiler identification is GNU 13.3.0
[0.227s] -- The CXX compiler identification is GNU 13.3.0
[0.256s] -- Detecting C compiler ABI info
[0.402s] -- Detecting C compiler ABI info - done
[0.410s] -- Check for working C compiler: /usr/bin/cc - skipped
[0.410s] -- Detecting C compile features
[0.410s] -- Detecting C compile features - done
[0.426s] -- Detecting CXX compiler ABI info
[0.548s] -- Detecting CXX compiler ABI info - done
[0.553s] -- Check for working CXX compiler: /usr/bin/c++ - skipped
[0.553s] -- Detecting CXX compile features
[0.554s] -- Detecting CXX compile features - done
[0.562s] -- Found ament_cmake: 2.5.4 (/opt/ros/jazzy/share/ament_cmake/cmake)
[0.712s] -- Found Python3: /usr/bin/python3 (found version "3.12.3") found components: Interpreter 
[0.890s] -- Configuring done (0.9s)
[0.896s] -- Generating done (0.0s)
[0.899s] -- Build files have been written to: /home/harry/turtlesim_catcher/build/turtle_buildup
[0.904s] Invoked command in '/home/harry/turtlesim_catcher/build/turtle_buildup' returned '0': CMAKE_PREFIX_PATH=${CMAKE_PREFIX_PATH}:/home/harry/turtlesim_catcher/install/turtlesim_catcher:/home/harry/ros2_workspace/install/my_py_pkg:/opt/ros/jazzy DEBUGINFOD_URLS=https://debuginfod.ubuntu.com /usr/bin/cmake /home/harry/turtlesim_catcher/src/turtle_buildup -DCMAKE_INSTALL_PREFIX=/home/harry/turtlesim_catcher/install/turtle_buildup
[0.904s] Invoking command in '/home/harry/turtlesim_catcher/build/turtle_buildup': CMAKE_PREFIX_PATH=${CMAKE_PREFIX_PATH}:/home/harry/turtlesim_catcher/install/turtlesim_catcher:/home/harry/ros2_workspace/install/my_py_pkg:/opt/ros/jazzy DEBUGINFOD_URLS=https://debuginfod.ubuntu.com /usr/bin/cmake --build /home/harry/turtlesim_catcher/build/turtle_buildup -- -j10 -l10
[0.949s] Invoked command in '/home/harry/turtlesim_catcher/build/turtle_buildup' returned '0': CMAKE_PREFIX_PATH=${CMAKE_PREFIX_PATH}:/home/harry/turtlesim_catcher/install/turtlesim_catcher:/home/harry/ros2_workspace/install/my_py_pkg:/opt/ros/jazzy DEBUGINFOD_URLS=https://debuginfod.ubuntu.com /usr/bin/cmake --build /home/harry/turtlesim_catcher/build/turtle_buildup -- -j10 -l10
[0.960s] Invoking command in '/home/harry/turtlesim_catcher/build/turtle_buildup': CMAKE_PREFIX_PATH=${CMAKE_PREFIX_PATH}:/home/harry/turtlesim_catcher/install/turtlesim_catcher:/home/harry/ros2_workspace/install/my_py_pkg:/opt/ros/jazzy DEBUGINFOD_URLS=https://debuginfod.ubuntu.com /usr/bin/cmake --install /home/harry/turtlesim_catcher/build/turtle_buildup
[0.969s] -- Install configuration: ""
[0.969s] -- Installing: /home/harry/turtlesim_catcher/install/turtle_buildup/share/turtle_buildup/launch
[0.970s] -- Installing: /home/harry/turtlesim_catcher/install/turtle_buildup/share/turtle_buildup/launch/turtlesim_catcher.launch.xml
[0.970s] -- Installing: /home/harry/turtlesim_catcher/install/turtle_buildup/share/ament_index/resource_index/package_run_dependencies/turtle_buildup
[0.970s] -- Installing: /home/harry/turtlesim_catcher/install/turtle_buildup/share/ament_index/resource_index/parent_prefix_path/turtle_buildup
[0.970s] -- Installing: /home/harry/turtlesim_catcher/install/turtle_buildup/share/turtle_buildup/environment/ament_prefix_path.sh
[0.970s] -- Installing: /home/harry/turtlesim_catcher/install/turtle_buildup/share/turtle_buildup/environment/ament_prefix_path.dsv
[0.970s] -- Installing: /home/harry/turtlesim_catcher/install/turtle_buildup/share/turtle_buildup/environment/path.sh
[0.971s] -- Installing: /home/harry/turtlesim_catcher/install/turtle_buildup/share/turtle_buildup/environment/path.dsv
[0.971s] -- Installing: /home/harry/turtlesim_catcher/install/turtle_buildup/share/turtle_buildup/local_setup.bash
[0.972s] -- Installing: /home/harry/turtlesim_catcher/install/turtle_buildup/share/turtle_buildup/local_setup.sh
[0.972s] -- Installing: /home/harry/turtlesim_catcher/install/turtle_buildup/share/turtle_buildup/local_setup.zsh
[0.972s] -- Installing: /home/harry/turtlesim_catcher/install/turtle_buildup/share/turtle_buildup/local_setup.dsv
[0.974s] -- Installing: /home/harry/turtlesim_catcher/install/turtle_buildup/share/turtle_buildup/package.dsv
[0.974s] -- Installing: /home/harry/turtlesim_catcher/install/turtle_buildup/share/ament_index/resource_index/packages/turtle_buildup
[0.974s] -- Installing: /home/harry/turtlesim_catcher/install/turtle_buildup/share/turtle_buildup/cmake/turtle_buildupConfig.cmake
[0.975s] -- Installing: /home/harry/turtlesim_catcher/install/turtle_buildup/share/turtle_buildup/cmake/turtle_buildupConfig-version.cmake
[0.975s] -- Installing: /home/harry/turtlesim_catcher/install/turtle_buildup/share/turtle_buildup/package.xml
[0.978s] Invoked command in '/home/harry/turtlesim_catcher/build/turtle_buildup' returned '0': CMAKE_PREFIX_PATH=${CMAKE_PREFIX_PATH}:/home/harry/turtlesim_catcher/install/turtlesim_catcher:/home/harry/ros2_workspace/install/my_py_pkg:/opt/ros/jazzy DEBUGINFOD_URLS=https://debuginfod.ubuntu.com /usr/bin/cmake --install /home/harry/turtlesim_catcher/build/turtle_buildup
