running egg_info
creating ../build/turtlesim_catcher/turtlesim_catcher.egg-info
writing ../build/turtlesim_catcher/turtlesim_catcher.egg-info/PKG-INFO
writing dependency_links to ../build/turtlesim_catcher/turtlesim_catcher.egg-info/dependency_links.txt
writing entry points to ../build/turtlesim_catcher/turtlesim_catcher.egg-info/entry_points.txt
writing requirements to ../build/turtlesim_catcher/turtlesim_catcher.egg-info/requires.txt
writing top-level names to ../build/turtlesim_catcher/turtlesim_catcher.egg-info/top_level.txt
writing manifest file '../build/turtlesim_catcher/turtlesim_catcher.egg-info/SOURCES.txt'
reading manifest file '../build/turtlesim_catcher/turtlesim_catcher.egg-info/SOURCES.txt'
writing manifest file '../build/turtlesim_catcher/turtlesim_catcher.egg-info/SOURCES.txt'
running build
running build_py
creating /home/harry/turtlesim_catcher/build/turtlesim_catcher/build
creating /home/harry/turtlesim_catcher/build/turtlesim_catcher/build/lib
creating /home/harry/turtlesim_catcher/build/turtlesim_catcher/build/lib/turtlesim_catcher
copying turtlesim_catcher/turtle_spawner.py -> /home/harry/turtlesim_catcher/build/turtlesim_catcher/build/lib/turtlesim_catcher
copying turtlesim_catcher/turtle_controller.py -> /home/harry/turtlesim_catcher/build/turtlesim_catcher/build/lib/turtlesim_catcher
copying turtlesim_catcher/__init__.py -> /home/harry/turtlesim_catcher/build/turtlesim_catcher/build/lib/turtlesim_catcher
running install
running install_lib
creating /home/harry/turtlesim_catcher/install/turtlesim_catcher/lib/python3.12/site-packages/turtlesim_catcher
copying /home/harry/turtlesim_catcher/build/turtlesim_catcher/build/lib/turtlesim_catcher/turtle_spawner.py -> /home/harry/turtlesim_catcher/install/turtlesim_catcher/lib/python3.12/site-packages/turtlesim_catcher
copying /home/harry/turtlesim_catcher/build/turtlesim_catcher/build/lib/turtlesim_catcher/turtle_controller.py -> /home/harry/turtlesim_catcher/install/turtlesim_catcher/lib/python3.12/site-packages/turtlesim_catcher
copying /home/harry/turtlesim_catcher/build/turtlesim_catcher/build/lib/turtlesim_catcher/__init__.py -> /home/harry/turtlesim_catcher/install/turtlesim_catcher/lib/python3.12/site-packages/turtlesim_catcher
byte-compiling /home/harry/turtlesim_catcher/install/turtlesim_catcher/lib/python3.12/site-packages/turtlesim_catcher/turtle_spawner.py to turtle_spawner.cpython-312.pyc
byte-compiling /home/harry/turtlesim_catcher/install/turtlesim_catcher/lib/python3.12/site-packages/turtlesim_catcher/turtle_controller.py to turtle_controller.cpython-312.pyc
byte-compiling /home/harry/turtlesim_catcher/install/turtlesim_catcher/lib/python3.12/site-packages/turtlesim_catcher/__init__.py to __init__.cpython-312.pyc
running install_data
creating /home/harry/turtlesim_catcher/install/turtlesim_catcher/share/ament_index
creating /home/harry/turtlesim_catcher/install/turtlesim_catcher/share/ament_index/resource_index
creating /home/harry/turtlesim_catcher/install/turtlesim_catcher/share/ament_index/resource_index/packages
copying resource/turtlesim_catcher -> /home/harry/turtlesim_catcher/install/turtlesim_catcher/share/ament_index/resource_index/packages
copying package.xml -> /home/harry/turtlesim_catcher/install/turtlesim_catcher/share/turtlesim_catcher
running install_egg_info
Copying ../build/turtlesim_catcher/turtlesim_catcher.egg-info to /home/harry/turtlesim_catcher/install/turtlesim_catcher/lib/python3.12/site-packages/turtlesim_catcher-0.0.0-py3.12.egg-info
running install_scripts
Installing turtle_controller script to /home/harry/turtlesim_catcher/install/turtlesim_catcher/lib/turtlesim_catcher
Installing turtle_spawner script to /home/harry/turtlesim_catcher/install/turtlesim_catcher/lib/turtlesim_catcher
writing list of installed files to '/home/harry/turtlesim_catcher/build/turtlesim_catcher/install.log'
