[0.568s] Invoking command in '/home/harry/turtlesim_catcher/turtlesim_catcher': DEBUGINFOD_URLS=https://debuginfod.ubuntu.com PYTHONPATH=/home/harry/turtlesim_catcher/build/turtlesim_catcher/prefix_override:/usr/lib/python3/dist-packages/colcon_core/task/python/colcon_distutils_commands:/home/harry/turtlesim_catcher/install/turtlesim_catcher/lib/python3.12/site-packages:${PYTHONPATH} /usr/bin/python3 -W ignore:setup.py install is deprecated -W ignore:easy_install command is deprecated setup.py egg_info --egg-base ../build/turtlesim_catcher build --build-base /home/harry/turtlesim_catcher/build/turtlesim_catcher/build install --record /home/harry/turtlesim_catcher/build/turtlesim_catcher/install.log --single-version-externally-managed install_data
[0.764s] running egg_info
[0.764s] creating ../build/turtlesim_catcher/turtlesim_catcher.egg-info
[0.776s] writing ../build/turtlesim_catcher/turtlesim_catcher.egg-info/PKG-INFO
[0.776s] writing dependency_links to ../build/turtlesim_catcher/turtlesim_catcher.egg-info/dependency_links.txt
[0.776s] writing entry points to ../build/turtlesim_catcher/turtlesim_catcher.egg-info/entry_points.txt
[0.776s] writing requirements to ../build/turtlesim_catcher/turtlesim_catcher.egg-info/requires.txt
[0.776s] writing top-level names to ../build/turtlesim_catcher/turtlesim_catcher.egg-info/top_level.txt
[0.776s] writing manifest file '../build/turtlesim_catcher/turtlesim_catcher.egg-info/SOURCES.txt'
[0.799s] reading manifest file '../build/turtlesim_catcher/turtlesim_catcher.egg-info/SOURCES.txt'
[0.802s] writing manifest file '../build/turtlesim_catcher/turtlesim_catcher.egg-info/SOURCES.txt'
[0.802s] running build
[0.802s] running build_py
[0.802s] creating /home/harry/turtlesim_catcher/build/turtlesim_catcher/build
[0.802s] creating /home/harry/turtlesim_catcher/build/turtlesim_catcher/build/lib
[0.802s] creating /home/harry/turtlesim_catcher/build/turtlesim_catcher/build/lib/turtlesim_catcher
[0.802s] copying turtlesim_catcher/turtle_spawner.py -> /home/harry/turtlesim_catcher/build/turtlesim_catcher/build/lib/turtlesim_catcher
[0.802s] copying turtlesim_catcher/turtle_controller.py -> /home/harry/turtlesim_catcher/build/turtlesim_catcher/build/lib/turtlesim_catcher
[0.802s] copying turtlesim_catcher/__init__.py -> /home/harry/turtlesim_catcher/build/turtlesim_catcher/build/lib/turtlesim_catcher
[0.803s] running install
[0.808s] running install_lib
[0.819s] creating /home/harry/turtlesim_catcher/install/turtlesim_catcher/lib/python3.12/site-packages/turtlesim_catcher
[0.819s] copying /home/harry/turtlesim_catcher/build/turtlesim_catcher/build/lib/turtlesim_catcher/turtle_spawner.py -> /home/harry/turtlesim_catcher/install/turtlesim_catcher/lib/python3.12/site-packages/turtlesim_catcher
[0.819s] copying /home/harry/turtlesim_catcher/build/turtlesim_catcher/build/lib/turtlesim_catcher/turtle_controller.py -> /home/harry/turtlesim_catcher/install/turtlesim_catcher/lib/python3.12/site-packages/turtlesim_catcher
[0.819s] copying /home/harry/turtlesim_catcher/build/turtlesim_catcher/build/lib/turtlesim_catcher/__init__.py -> /home/harry/turtlesim_catcher/install/turtlesim_catcher/lib/python3.12/site-packages/turtlesim_catcher
[0.820s] byte-compiling /home/harry/turtlesim_catcher/install/turtlesim_catcher/lib/python3.12/site-packages/turtlesim_catcher/turtle_spawner.py to turtle_spawner.cpython-312.pyc
[0.820s] byte-compiling /home/harry/turtlesim_catcher/install/turtlesim_catcher/lib/python3.12/site-packages/turtlesim_catcher/turtle_controller.py to turtle_controller.cpython-312.pyc
[0.820s] byte-compiling /home/harry/turtlesim_catcher/install/turtlesim_catcher/lib/python3.12/site-packages/turtlesim_catcher/__init__.py to __init__.cpython-312.pyc
[0.821s] running install_data
[0.821s] creating /home/harry/turtlesim_catcher/install/turtlesim_catcher/share/ament_index
[0.821s] creating /home/harry/turtlesim_catcher/install/turtlesim_catcher/share/ament_index/resource_index
[0.822s] creating /home/harry/turtlesim_catcher/install/turtlesim_catcher/share/ament_index/resource_index/packages
[0.822s] copying resource/turtlesim_catcher -> /home/harry/turtlesim_catcher/install/turtlesim_catcher/share/ament_index/resource_index/packages
[0.822s] copying package.xml -> /home/harry/turtlesim_catcher/install/turtlesim_catcher/share/turtlesim_catcher
[0.822s] running install_egg_info
[0.832s] Copying ../build/turtlesim_catcher/turtlesim_catcher.egg-info to /home/harry/turtlesim_catcher/install/turtlesim_catcher/lib/python3.12/site-packages/turtlesim_catcher-0.0.0-py3.12.egg-info
[0.834s] running install_scripts
[0.914s] Installing turtle_controller script to /home/harry/turtlesim_catcher/install/turtlesim_catcher/lib/turtlesim_catcher
[0.915s] Installing turtle_spawner script to /home/harry/turtlesim_catcher/install/turtlesim_catcher/lib/turtlesim_catcher
[0.916s] writing list of installed files to '/home/harry/turtlesim_catcher/build/turtlesim_catcher/install.log'
[0.937s] Invoked command in '/home/harry/turtlesim_catcher/turtlesim_catcher' returned '0': DEBUGINFOD_URLS=https://debuginfod.ubuntu.com PYTHONPATH=/home/harry/turtlesim_catcher/build/turtlesim_catcher/prefix_override:/usr/lib/python3/dist-packages/colcon_core/task/python/colcon_distutils_commands:/home/harry/turtlesim_catcher/install/turtlesim_catcher/lib/python3.12/site-packages:${PYTHONPATH} /usr/bin/python3 -W ignore:setup.py install is deprecated -W ignore:easy_install command is deprecated setup.py egg_info --egg-base ../build/turtlesim_catcher build --build-base /home/harry/turtlesim_catcher/build/turtlesim_catcher/build install --record /home/harry/turtlesim_catcher/build/turtlesim_catcher/install.log --single-version-externally-managed install_data
