[0.594s] Invoking command in '/home/harry/turtlesim_catcher/src/turtlesim_catcher': DEBUGINFOD_URLS=https://debuginfod.ubuntu.com PYTHONPATH=/home/harry/turtlesim_catcher/build/turtlesim_catcher/prefix_override:/usr/lib/python3/dist-packages/colcon_core/task/python/colcon_distutils_commands:/home/harry/turtlesim_catcher/install/turtlesim_catcher/lib/python3.12/site-packages:${PYTHONPATH} /usr/bin/python3 -W ignore:setup.py install is deprecated -W ignore:easy_install command is deprecated setup.py egg_info --egg-base ../../build/turtlesim_catcher build --build-base /home/harry/turtlesim_catcher/build/turtlesim_catcher/build install --record /home/harry/turtlesim_catcher/build/turtlesim_catcher/install.log --single-version-externally-managed install_data
[0.777s] running egg_info
[0.788s] writing ../../build/turtlesim_catcher/turtlesim_catcher.egg-info/PKG-INFO
[0.789s] writing dependency_links to ../../build/turtlesim_catcher/turtlesim_catcher.egg-info/dependency_links.txt
[0.789s] writing entry points to ../../build/turtlesim_catcher/turtlesim_catcher.egg-info/entry_points.txt
[0.790s] writing requirements to ../../build/turtlesim_catcher/turtlesim_catcher.egg-info/requires.txt
[0.790s] writing top-level names to ../../build/turtlesim_catcher/turtlesim_catcher.egg-info/top_level.txt
[0.813s] reading manifest file '../../build/turtlesim_catcher/turtlesim_catcher.egg-info/SOURCES.txt'
[0.813s] writing manifest file '../../build/turtlesim_catcher/turtlesim_catcher.egg-info/SOURCES.txt'
[0.813s] running build
[0.813s] running build_py
[0.813s] running install
[0.819s] running install_lib
[0.829s] running install_data
[0.830s] running install_egg_info
[0.843s] removing '/home/harry/turtlesim_catcher/install/turtlesim_catcher/lib/python3.12/site-packages/turtlesim_catcher-0.0.0-py3.12.egg-info' (and everything under it)
[0.843s] Copying ../../build/turtlesim_catcher/turtlesim_catcher.egg-info to /home/harry/turtlesim_catcher/install/turtlesim_catcher/lib/python3.12/site-packages/turtlesim_catcher-0.0.0-py3.12.egg-info
[0.844s] running install_scripts
[0.928s] Installing turtle_controller script to /home/harry/turtlesim_catcher/install/turtlesim_catcher/lib/turtlesim_catcher
[0.928s] Installing turtle_spawner script to /home/harry/turtlesim_catcher/install/turtlesim_catcher/lib/turtlesim_catcher
[0.929s] writing list of installed files to '/home/harry/turtlesim_catcher/build/turtlesim_catcher/install.log'
[0.955s] Invoked command in '/home/harry/turtlesim_catcher/src/turtlesim_catcher' returned '0': DEBUGINFOD_URLS=https://debuginfod.ubuntu.com PYTHONPATH=/home/harry/turtlesim_catcher/build/turtlesim_catcher/prefix_override:/usr/lib/python3/dist-packages/colcon_core/task/python/colcon_distutils_commands:/home/harry/turtlesim_catcher/install/turtlesim_catcher/lib/python3.12/site-packages:${PYTHONPATH} /usr/bin/python3 -W ignore:setup.py install is deprecated -W ignore:easy_install command is deprecated setup.py egg_info --egg-base ../../build/turtlesim_catcher build --build-base /home/harry/turtlesim_catcher/build/turtlesim_catcher/build install --record /home/harry/turtlesim_catcher/build/turtlesim_catcher/install.log --single-version-externally-managed install_data
