[0.014s] Invoking command in '/home/harry/turtlesim_catcher/build/turtle_buildup': AMENT_PREFIX_PATH=/home/harry/turtlesim_catcher/install/turtlesim_catcher:/home/harry/turtlesim_catcher/install/turtle_buildup:/home/harry/ros2_workspace/install/my_robot_bringup:/home/harry/ros2_workspace/install/my_py_pkg:/home/harry/ros2_workspace/install/my_robot_interfaces:/home/harry/ros2_workspace/install/my_cpp_pkg:/opt/ros/jazzy CMAKE_PREFIX_PATH=${CMAKE_PREFIX_PATH}:/home/harry/turtlesim_catcher/install/turtlesim_catcher:/home/harry/ros2_workspace/install/my_py_pkg:/opt/ros/jazzy DEBUGINFOD_URLS=https://debuginfod.ubuntu.com /usr/bin/cmake --build /home/harry/turtlesim_catcher/build/turtle_buildup -- -j10 -l10
[0.065s] Invoked command in '/home/harry/turtlesim_catcher/build/turtle_buildup' returned '0': AMENT_PREFIX_PATH=/home/harry/turtlesim_catcher/install/turtlesim_catcher:/home/harry/turtlesim_catcher/install/turtle_buildup:/home/harry/ros2_workspace/install/my_robot_bringup:/home/harry/ros2_workspace/install/my_py_pkg:/home/harry/ros2_workspace/install/my_robot_interfaces:/home/harry/ros2_workspace/install/my_cpp_pkg:/opt/ros/jazzy CMAKE_PREFIX_PATH=${CMAKE_PREFIX_PATH}:/home/harry/turtlesim_catcher/install/turtlesim_catcher:/home/harry/ros2_workspace/install/my_py_pkg:/opt/ros/jazzy DEBUGINFOD_URLS=https://debuginfod.ubuntu.com /usr/bin/cmake --build /home/harry/turtlesim_catcher/build/turtle_buildup -- -j10 -l10
[0.075s] Invoking command in '/home/harry/turtlesim_catcher/build/turtle_buildup': AMENT_PREFIX_PATH=/home/harry/turtlesim_catcher/install/turtlesim_catcher:/home/harry/turtlesim_catcher/install/turtle_buildup:/home/harry/ros2_workspace/install/my_robot_bringup:/home/harry/ros2_workspace/install/my_py_pkg:/home/harry/ros2_workspace/install/my_robot_interfaces:/home/harry/ros2_workspace/install/my_cpp_pkg:/opt/ros/jazzy CMAKE_PREFIX_PATH=${CMAKE_PREFIX_PATH}:/home/harry/turtlesim_catcher/install/turtlesim_catcher:/home/harry/ros2_workspace/install/my_py_pkg:/opt/ros/jazzy DEBUGINFOD_URLS=https://debuginfod.ubuntu.com /usr/bin/cmake --install /home/harry/turtlesim_catcher/build/turtle_buildup
[0.083s] -- Install configuration: ""
[0.083s] -- Up-to-date: /home/harry/turtlesim_catcher/install/turtle_buildup/share/turtle_buildup/launch
[0.083s] -- Installing: /home/harry/turtlesim_catcher/install/turtle_buildup/share/turtle_buildup/launch/turtlesim_catcher.launch.xml
[0.083s] -- Up-to-date: /home/harry/turtlesim_catcher/install/turtle_buildup/share/ament_index/resource_index/package_run_dependencies/turtle_buildup
[0.084s] -- Up-to-date: /home/harry/turtlesim_catcher/install/turtle_buildup/share/ament_index/resource_index/parent_prefix_path/turtle_buildup
[0.084s] -- Up-to-date: /home/harry/turtlesim_catcher/install/turtle_buildup/share/turtle_buildup/environment/ament_prefix_path.sh
[0.084s] -- Up-to-date: /home/harry/turtlesim_catcher/install/turtle_buildup/share/turtle_buildup/environment/ament_prefix_path.dsv
[0.084s] -- Up-to-date: /home/harry/turtlesim_catcher/install/turtle_buildup/share/turtle_buildup/environment/path.sh
[0.084s] -- Up-to-date: /home/harry/turtlesim_catcher/install/turtle_buildup/share/turtle_buildup/environment/path.dsv
[0.084s] -- Up-to-date: /home/harry/turtlesim_catcher/install/turtle_buildup/share/turtle_buildup/local_setup.bash
[0.084s] -- Up-to-date: /home/harry/turtlesim_catcher/install/turtle_buildup/share/turtle_buildup/local_setup.sh
[0.084s] -- Up-to-date: /home/harry/turtlesim_catcher/install/turtle_buildup/share/turtle_buildup/local_setup.zsh
[0.084s] -- Up-to-date: /home/harry/turtlesim_catcher/install/turtle_buildup/share/turtle_buildup/local_setup.dsv
[0.084s] -- Installing: /home/harry/turtlesim_catcher/install/turtle_buildup/share/turtle_buildup/package.dsv
[0.084s] -- Up-to-date: /home/harry/turtlesim_catcher/install/turtle_buildup/share/ament_index/resource_index/packages/turtle_buildup
[0.085s] -- Up-to-date: /home/harry/turtlesim_catcher/install/turtle_buildup/share/turtle_buildup/cmake/turtle_buildupConfig.cmake
[0.085s] -- Up-to-date: /home/harry/turtlesim_catcher/install/turtle_buildup/share/turtle_buildup/cmake/turtle_buildupConfig-version.cmake
[0.085s] -- Up-to-date: /home/harry/turtlesim_catcher/install/turtle_buildup/share/turtle_buildup/package.xml
[0.086s] Invoked command in '/home/harry/turtlesim_catcher/build/turtle_buildup' returned '0': AMENT_PREFIX_PATH=/home/harry/turtlesim_catcher/install/turtlesim_catcher:/home/harry/turtlesim_catcher/install/turtle_buildup:/home/harry/ros2_workspace/install/my_robot_bringup:/home/harry/ros2_workspace/install/my_py_pkg:/home/harry/ros2_workspace/install/my_robot_interfaces:/home/harry/ros2_workspace/install/my_cpp_pkg:/opt/ros/jazzy CMAKE_PREFIX_PATH=${CMAKE_PREFIX_PATH}:/home/harry/turtlesim_catcher/install/turtlesim_catcher:/home/harry/ros2_workspace/install/my_py_pkg:/opt/ros/jazzy DEBUGINFOD_URLS=https://debuginfod.ubuntu.com /usr/bin/cmake --install /home/harry/turtlesim_catcher/build/turtle_buildup
