[0.571s] Invoking command in '/home/harry/turtlesim_catcher/src/turtlesim_catcher': DEBUGINFOD_URLS=https://debuginfod.ubuntu.com PYTHONPATH=/home/harry/turtlesim_catcher/build/turtlesim_catcher/prefix_override:/usr/lib/python3/dist-packages/colcon_core/task/python/colcon_distutils_commands:/home/harry/turtlesim_catcher/install/turtlesim_catcher/lib/python3.12/site-packages:${PYTHONPATH} /usr/bin/python3 -W ignore:setup.py install is deprecated -W ignore:easy_install command is deprecated setup.py egg_info --egg-base ../../build/turtlesim_catcher build --build-base /home/harry/turtlesim_catcher/build/turtlesim_catcher/build install --record /home/harry/turtlesim_catcher/build/turtlesim_catcher/install.log --single-version-externally-managed install_data
[0.804s] running egg_info
[0.816s] writing ../../build/turtlesim_catcher/turtlesim_catcher.egg-info/PKG-INFO
[0.816s] writing dependency_links to ../../build/turtlesim_catcher/turtlesim_catcher.egg-info/dependency_links.txt
[0.816s] writing entry points to ../../build/turtlesim_catcher/turtlesim_catcher.egg-info/entry_points.txt
[0.818s] writing requirements to ../../build/turtlesim_catcher/turtlesim_catcher.egg-info/requires.txt
[0.818s] writing top-level names to ../../build/turtlesim_catcher/turtlesim_catcher.egg-info/top_level.txt
[0.843s] reading manifest file '../../build/turtlesim_catcher/turtlesim_catcher.egg-info/SOURCES.txt'
[0.843s] writing manifest file '../../build/turtlesim_catcher/turtlesim_catcher.egg-info/SOURCES.txt'
[0.843s] running build
[0.843s] running build_py
[0.843s] copying turtlesim_catcher/turtle_spawner.py -> /home/harry/turtlesim_catcher/build/turtlesim_catcher/build/lib/turtlesim_catcher
[0.843s] running install
[0.848s] running install_lib
[0.859s] copying /home/harry/turtlesim_catcher/build/turtlesim_catcher/build/lib/turtlesim_catcher/turtle_spawner.py -> /home/harry/turtlesim_catcher/install/turtlesim_catcher/lib/python3.12/site-packages/turtlesim_catcher
[0.860s] byte-compiling /home/harry/turtlesim_catcher/install/turtlesim_catcher/lib/python3.12/site-packages/turtlesim_catcher/turtle_spawner.py to turtle_spawner.cpython-312.pyc
[0.860s] running install_data
[0.861s] running install_egg_info
[0.873s] removing '/home/harry/turtlesim_catcher/install/turtlesim_catcher/lib/python3.12/site-packages/turtlesim_catcher-0.0.0-py3.12.egg-info' (and everything under it)
[0.873s] Copying ../../build/turtlesim_catcher/turtlesim_catcher.egg-info to /home/harry/turtlesim_catcher/install/turtlesim_catcher/lib/python3.12/site-packages/turtlesim_catcher-0.0.0-py3.12.egg-info
[0.874s] running install_scripts
[0.957s] Installing turtle_controller script to /home/harry/turtlesim_catcher/install/turtlesim_catcher/lib/turtlesim_catcher
[0.957s] Installing turtle_spawner script to /home/harry/turtlesim_catcher/install/turtlesim_catcher/lib/turtlesim_catcher
[0.957s] writing list of installed files to '/home/harry/turtlesim_catcher/build/turtlesim_catcher/install.log'
[0.978s] Invoked command in '/home/harry/turtlesim_catcher/src/turtlesim_catcher' returned '0': DEBUGINFOD_URLS=https://debuginfod.ubuntu.com PYTHONPATH=/home/harry/turtlesim_catcher/build/turtlesim_catcher/prefix_override:/usr/lib/python3/dist-packages/colcon_core/task/python/colcon_distutils_commands:/home/harry/turtlesim_catcher/install/turtlesim_catcher/lib/python3.12/site-packages:${PYTHONPATH} /usr/bin/python3 -W ignore:setup.py install is deprecated -W ignore:easy_install command is deprecated setup.py egg_info --egg-base ../../build/turtlesim_catcher build --build-base /home/harry/turtlesim_catcher/build/turtlesim_catcher/build install --record /home/harry/turtlesim_catcher/build/turtlesim_catcher/install.log --single-version-externally-managed install_data
