running egg_info
writing ../../build/turtlesim_catcher/turtlesim_catcher.egg-info/PKG-INFO
writing dependency_links to ../../build/turtlesim_catcher/turtlesim_catcher.egg-info/dependency_links.txt
writing entry points to ../../build/turtlesim_catcher/turtlesim_catcher.egg-info/entry_points.txt
writing requirements to ../../build/turtlesim_catcher/turtlesim_catcher.egg-info/requires.txt
writing top-level names to ../../build/turtlesim_catcher/turtlesim_catcher.egg-info/top_level.txt
reading manifest file '../../build/turtlesim_catcher/turtlesim_catcher.egg-info/SOURCES.txt'
writing manifest file '../../build/turtlesim_catcher/turtlesim_catcher.egg-info/SOURCES.txt'
running build
running build_py
running install
running install_lib
running install_data
running install_egg_info
removing '/home/harry/turtlesim_catcher/install/turtlesim_catcher/lib/python3.12/site-packages/turtlesim_catcher-0.0.0-py3.12.egg-info' (and everything under it)
Copying ../../build/turtlesim_catcher/turtlesim_catcher.egg-info to /home/harry/turtlesim_catcher/install/turtlesim_catcher/lib/python3.12/site-packages/turtlesim_catcher-0.0.0-py3.12.egg-info
running install_scripts
Installing turtle_controller script to /home/harry/turtlesim_catcher/install/turtlesim_catcher/lib/turtlesim_catcher
Installing turtle_spawner script to /home/harry/turtlesim_catcher/install/turtlesim_catcher/lib/turtlesim_catcher
writing list of installed files to '/home/harry/turtlesim_catcher/build/turtlesim_catcher/install.log'
