[0.068s] DEBUG:colcon:Command line arguments: ['/usr/bin/colcon', 'build', '--packages-select', 'turtlesim_catcher']
[0.068s] DEBUG:colcon:Parsed command line arguments: Namespace(log_base=None, log_level=None, verb_name='build', build_base='build', install_base='install', merge_install=False, symlink_install=False, test_result_base=None, continue_on_error=False, executor='parallel', parallel_workers=10, event_handlers=None, ignore_user_meta=False, metas=['./colcon.meta'], base_paths=['.'], packages_ignore=None, packages_ignore_regex=None, paths=None, packages_up_to=None, packages_up_to_regex=None, packages_above=None, packages_above_and_dependencies=None, packages_above_depth=None, packages_select_by_dep=None, packages_skip_by_dep=None, packages_skip_up_to=None, packages_select_build_failed=False, packages_skip_build_finished=False, packages_select_test_failures=False, packages_skip_test_passed=False, packages_select=['turtlesim_catcher'], packages_skip=None, packages_select_regex=None, packages_skip_regex=None, packages_start=None, packages_end=None, allow_overriding=[], cmake_args=None, cmake_target=None, cmake_target_skip_unavailable=False, cmake_clean_cache=False, cmake_clean_first=False, cmake_force_configure=False, ament_cmake_args=None, catkin_cmake_args=None, catkin_skip_building_tests=False, mixin_files=None, mixin=None, verb_parser=<colcon_mixin.mixin.mixin_argument.MixinArgumentDecorator object at 0x7366dbf679b0>, verb_extension=<colcon_core.verb.build.BuildVerb object at 0x7366dbf67740>, main=<bound method BuildVerb.main of <colcon_core.verb.build.BuildVerb object at 0x7366dbf67740>>, mixin_verb=('build',))
[0.093s] Level 1:colcon.colcon_core.package_discovery:discover_packages(colcon_meta) check parameters
[0.094s] Level 1:colcon.colcon_core.package_discovery:discover_packages(recursive) check parameters
[0.094s] Level 1:colcon.colcon_core.package_discovery:discover_packages(ignore) check parameters
[0.094s] Level 1:colcon.colcon_core.package_discovery:discover_packages(path) check parameters
[0.094s] Level 1:colcon.colcon_core.package_discovery:discover_packages(colcon_meta) discover
[0.094s] Level 1:colcon.colcon_core.package_discovery:discover_packages(recursive) discover
[0.094s] INFO:colcon.colcon_core.package_discovery:Crawling recursively for packages in '/home/harry/turtlesim_catcher'
[0.094s] Level 1:colcon.colcon_core.package_identification:_identify(.) by extensions ['ignore', 'ignore_ament_install']
[0.095s] Level 1:colcon.colcon_core.package_identification:_identify(.) by extension 'ignore'
[0.095s] Level 1:colcon.colcon_core.package_identification:_identify(.) by extension 'ignore_ament_install'
[0.095s] Level 1:colcon.colcon_core.package_identification:_identify(.) by extensions ['colcon_pkg']
[0.095s] Level 1:colcon.colcon_core.package_identification:_identify(.) by extension 'colcon_pkg'
[0.095s] Level 1:colcon.colcon_core.package_identification:_identify(.) by extensions ['colcon_meta']
[0.095s] Level 1:colcon.colcon_core.package_identification:_identify(.) by extension 'colcon_meta'
[0.095s] Level 1:colcon.colcon_core.package_identification:_identify(.) by extensions ['ros']
[0.095s] Level 1:colcon.colcon_core.package_identification:_identify(.) by extension 'ros'
[0.112s] Level 1:colcon.colcon_core.package_identification:_identify(.) by extensions ['cmake', 'python']
[0.112s] Level 1:colcon.colcon_core.package_identification:_identify(.) by extension 'cmake'
[0.112s] Level 1:colcon.colcon_core.package_identification:_identify(.) by extension 'python'
[0.112s] Level 1:colcon.colcon_core.package_identification:_identify(.) by extensions ['python_setup_py']
[0.112s] Level 1:colcon.colcon_core.package_identification:_identify(.) by extension 'python_setup_py'
[0.113s] Level 1:colcon.colcon_core.package_identification:_identify(build) by extensions ['ignore', 'ignore_ament_install']
[0.113s] Level 1:colcon.colcon_core.package_identification:_identify(build) by extension 'ignore'
[0.113s] Level 1:colcon.colcon_core.package_identification:_identify(build) ignored
[0.113s] Level 1:colcon.colcon_core.package_identification:_identify(install) by extensions ['ignore', 'ignore_ament_install']
[0.113s] Level 1:colcon.colcon_core.package_identification:_identify(install) by extension 'ignore'
[0.113s] Level 1:colcon.colcon_core.package_identification:_identify(install) ignored
[0.113s] Level 1:colcon.colcon_core.package_identification:_identify(launch) by extensions ['ignore', 'ignore_ament_install']
[0.113s] Level 1:colcon.colcon_core.package_identification:_identify(launch) by extension 'ignore'
[0.113s] Level 1:colcon.colcon_core.package_identification:_identify(launch) by extension 'ignore_ament_install'
[0.113s] Level 1:colcon.colcon_core.package_identification:_identify(launch) by extensions ['colcon_pkg']
[0.113s] Level 1:colcon.colcon_core.package_identification:_identify(launch) by extension 'colcon_pkg'
[0.113s] Level 1:colcon.colcon_core.package_identification:_identify(launch) by extensions ['colcon_meta']
[0.113s] Level 1:colcon.colcon_core.package_identification:_identify(launch) by extension 'colcon_meta'
[0.113s] Level 1:colcon.colcon_core.package_identification:_identify(launch) by extensions ['ros']
[0.113s] Level 1:colcon.colcon_core.package_identification:_identify(launch) by extension 'ros'
[0.113s] Level 1:colcon.colcon_core.package_identification:_identify(launch) by extensions ['cmake', 'python']
[0.113s] Level 1:colcon.colcon_core.package_identification:_identify(launch) by extension 'cmake'
[0.113s] Level 1:colcon.colcon_core.package_identification:_identify(launch) by extension 'python'
[0.113s] Level 1:colcon.colcon_core.package_identification:_identify(launch) by extensions ['python_setup_py']
[0.114s] Level 1:colcon.colcon_core.package_identification:_identify(launch) by extension 'python_setup_py'
[0.114s] Level 1:colcon.colcon_core.package_identification:_identify(log) by extensions ['ignore', 'ignore_ament_install']
[0.114s] Level 1:colcon.colcon_core.package_identification:_identify(log) by extension 'ignore'
[0.114s] Level 1:colcon.colcon_core.package_identification:_identify(log) ignored
[0.114s] Level 1:colcon.colcon_core.package_identification:_identify(src) by extensions ['ignore', 'ignore_ament_install']
[0.114s] Level 1:colcon.colcon_core.package_identification:_identify(src) by extension 'ignore'
[0.114s] Level 1:colcon.colcon_core.package_identification:_identify(src) by extension 'ignore_ament_install'
[0.114s] Level 1:colcon.colcon_core.package_identification:_identify(src) by extensions ['colcon_pkg']
[0.114s] Level 1:colcon.colcon_core.package_identification:_identify(src) by extension 'colcon_pkg'
[0.114s] Level 1:colcon.colcon_core.package_identification:_identify(src) by extensions ['colcon_meta']
[0.114s] Level 1:colcon.colcon_core.package_identification:_identify(src) by extension 'colcon_meta'
[0.114s] Level 1:colcon.colcon_core.package_identification:_identify(src) by extensions ['ros']
[0.114s] Level 1:colcon.colcon_core.package_identification:_identify(src) by extension 'ros'
[0.114s] Level 1:colcon.colcon_core.package_identification:_identify(src) by extensions ['cmake', 'python']
[0.114s] Level 1:colcon.colcon_core.package_identification:_identify(src) by extension 'cmake'
[0.114s] Level 1:colcon.colcon_core.package_identification:_identify(src) by extension 'python'
[0.114s] Level 1:colcon.colcon_core.package_identification:_identify(src) by extensions ['python_setup_py']
[0.114s] Level 1:colcon.colcon_core.package_identification:_identify(src) by extension 'python_setup_py'
[0.114s] Level 1:colcon.colcon_core.package_identification:_identify(src/turtlesim_catcher) by extensions ['ignore', 'ignore_ament_install']
[0.114s] Level 1:colcon.colcon_core.package_identification:_identify(src/turtlesim_catcher) by extension 'ignore'
[0.114s] Level 1:colcon.colcon_core.package_identification:_identify(src/turtlesim_catcher) by extension 'ignore_ament_install'
[0.114s] Level 1:colcon.colcon_core.package_identification:_identify(src/turtlesim_catcher) by extensions ['colcon_pkg']
[0.114s] Level 1:colcon.colcon_core.package_identification:_identify(src/turtlesim_catcher) by extension 'colcon_pkg'
[0.114s] Level 1:colcon.colcon_core.package_identification:_identify(src/turtlesim_catcher) by extensions ['colcon_meta']
[0.114s] Level 1:colcon.colcon_core.package_identification:_identify(src/turtlesim_catcher) by extension 'colcon_meta'
[0.114s] Level 1:colcon.colcon_core.package_identification:_identify(src/turtlesim_catcher) by extensions ['ros']
[0.114s] Level 1:colcon.colcon_core.package_identification:_identify(src/turtlesim_catcher) by extension 'ros'
[0.116s] DEBUG:colcon.colcon_core.package_identification:Package 'src/turtlesim_catcher' with type 'ros.ament_python' and name 'turtlesim_catcher'
[0.117s] Level 1:colcon.colcon_core.package_discovery:discover_packages(recursive) using defaults
[0.117s] Level 1:colcon.colcon_core.package_discovery:discover_packages(ignore) discover
[0.117s] Level 1:colcon.colcon_core.package_discovery:discover_packages(ignore) using defaults
[0.117s] Level 1:colcon.colcon_core.package_discovery:discover_packages(path) discover
[0.117s] Level 1:colcon.colcon_core.package_discovery:discover_packages(path) using defaults
[0.128s] Level 1:colcon.colcon_core.package_discovery:discover_packages(prefix_path) check parameters
[0.128s] Level 1:colcon.colcon_core.package_discovery:discover_packages(prefix_path) discover
[0.129s] DEBUG:colcon.colcon_installed_package_information.package_discovery:Found 4 installed packages in /home/harry/ros2_workspace/install
[0.130s] DEBUG:colcon.colcon_installed_package_information.package_discovery:Found 285 installed packages in /opt/ros/jazzy
[0.130s] Level 1:colcon.colcon_core.package_discovery:discover_packages(prefix_path) using defaults
[0.151s] Level 5:colcon.colcon_core.verb:set package 'turtlesim_catcher' build argument 'cmake_args' from command line to 'None'
[0.151s] Level 5:colcon.colcon_core.verb:set package 'turtlesim_catcher' build argument 'cmake_target' from command line to 'None'
[0.151s] Level 5:colcon.colcon_core.verb:set package 'turtlesim_catcher' build argument 'cmake_target_skip_unavailable' from command line to 'False'
[0.151s] Level 5:colcon.colcon_core.verb:set package 'turtlesim_catcher' build argument 'cmake_clean_cache' from command line to 'False'
[0.151s] Level 5:colcon.colcon_core.verb:set package 'turtlesim_catcher' build argument 'cmake_clean_first' from command line to 'False'
[0.151s] Level 5:colcon.colcon_core.verb:set package 'turtlesim_catcher' build argument 'cmake_force_configure' from command line to 'False'
[0.151s] Level 5:colcon.colcon_core.verb:set package 'turtlesim_catcher' build argument 'ament_cmake_args' from command line to 'None'
[0.151s] Level 5:colcon.colcon_core.verb:set package 'turtlesim_catcher' build argument 'catkin_cmake_args' from command line to 'None'
[0.151s] Level 5:colcon.colcon_core.verb:set package 'turtlesim_catcher' build argument 'catkin_skip_building_tests' from command line to 'False'
[0.152s] DEBUG:colcon.colcon_core.verb:Building package 'turtlesim_catcher' with the following arguments: {'ament_cmake_args': None, 'build_base': '/home/harry/turtlesim_catcher/build/turtlesim_catcher', 'catkin_cmake_args': None, 'catkin_skip_building_tests': False, 'cmake_args': None, 'cmake_clean_cache': False, 'cmake_clean_first': False, 'cmake_force_configure': False, 'cmake_target': None, 'cmake_target_skip_unavailable': False, 'install_base': '/home/harry/turtlesim_catcher/install/turtlesim_catcher', 'merge_install': False, 'path': '/home/harry/turtlesim_catcher/src/turtlesim_catcher', 'symlink_install': False, 'test_result_base': None}
[0.152s] INFO:colcon.colcon_core.executor:Executing jobs using 'parallel' executor
[0.153s] DEBUG:colcon.colcon_parallel_executor.executor.parallel:run_until_complete
[0.153s] INFO:colcon.colcon_ros.task.ament_python.build:Building ROS package in '/home/harry/turtlesim_catcher/src/turtlesim_catcher' with build type 'ament_python'
[0.153s] Level 1:colcon.colcon_core.shell:create_environment_hook('turtlesim_catcher', 'ament_prefix_path')
[0.155s] INFO:colcon.colcon_core.plugin_system:Skipping extension 'colcon_core.shell.bat': Not used on non-Windows systems
[0.156s] INFO:colcon.colcon_core.shell:Creating environment hook '/home/harry/turtlesim_catcher/install/turtlesim_catcher/share/turtlesim_catcher/hook/ament_prefix_path.ps1'
[0.156s] INFO:colcon.colcon_core.shell:Creating environment descriptor '/home/harry/turtlesim_catcher/install/turtlesim_catcher/share/turtlesim_catcher/hook/ament_prefix_path.dsv'
[0.157s] INFO:colcon.colcon_core.shell:Creating environment hook '/home/harry/turtlesim_catcher/install/turtlesim_catcher/share/turtlesim_catcher/hook/ament_prefix_path.sh'
[0.188s] INFO:colcon.colcon_core.shell:Skip shell extension 'powershell' for command environment: Not usable outside of PowerShell
[0.188s] DEBUG:colcon.colcon_core.shell:Skip shell extension 'dsv' for command environment
[0.350s] INFO:colcon.colcon_core.task.python.build:Building Python package in '/home/harry/turtlesim_catcher/src/turtlesim_catcher'
[0.350s] INFO:colcon.colcon_core.shell:Skip shell extension 'powershell' for command environment: Not usable outside of PowerShell
[0.350s] DEBUG:colcon.colcon_core.shell:Skip shell extension 'dsv' for command environment
[0.748s] DEBUG:colcon.colcon_core.event_handler.log_command:Invoking command in '/home/harry/turtlesim_catcher/src/turtlesim_catcher': DEBUGINFOD_URLS=https://debuginfod.ubuntu.com PYTHONPATH=/home/harry/turtlesim_catcher/build/turtlesim_catcher/prefix_override:/usr/lib/python3/dist-packages/colcon_core/task/python/colcon_distutils_commands:/home/harry/turtlesim_catcher/install/turtlesim_catcher/lib/python3.12/site-packages:${PYTHONPATH} /usr/bin/python3 -W ignore:setup.py install is deprecated -W ignore:easy_install command is deprecated setup.py egg_info --egg-base ../../build/turtlesim_catcher build --build-base /home/harry/turtlesim_catcher/build/turtlesim_catcher/build install --record /home/harry/turtlesim_catcher/build/turtlesim_catcher/install.log --single-version-externally-managed install_data
[1.109s] DEBUG:colcon.colcon_core.event_handler.log_command:Invoked command in '/home/harry/turtlesim_catcher/src/turtlesim_catcher' returned '0': DEBUGINFOD_URLS=https://debuginfod.ubuntu.com PYTHONPATH=/home/harry/turtlesim_catcher/build/turtlesim_catcher/prefix_override:/usr/lib/python3/dist-packages/colcon_core/task/python/colcon_distutils_commands:/home/harry/turtlesim_catcher/install/turtlesim_catcher/lib/python3.12/site-packages:${PYTHONPATH} /usr/bin/python3 -W ignore:setup.py install is deprecated -W ignore:easy_install command is deprecated setup.py egg_info --egg-base ../../build/turtlesim_catcher build --build-base /home/harry/turtlesim_catcher/build/turtlesim_catcher/build install --record /home/harry/turtlesim_catcher/build/turtlesim_catcher/install.log --single-version-externally-managed install_data
[1.110s] Level 1:colcon.colcon_core.environment:checking '/home/harry/turtlesim_catcher/install/turtlesim_catcher' for CMake module files
[1.111s] Level 1:colcon.colcon_core.environment:checking '/home/harry/turtlesim_catcher/install/turtlesim_catcher' for CMake config files
[1.111s] Level 1:colcon.colcon_core.environment:checking '/home/harry/turtlesim_catcher/install/turtlesim_catcher/lib'
[1.111s] Level 1:colcon.colcon_core.environment:checking '/home/harry/turtlesim_catcher/install/turtlesim_catcher/bin'
[1.111s] Level 1:colcon.colcon_core.environment:checking '/home/harry/turtlesim_catcher/install/turtlesim_catcher/lib/pkgconfig/turtlesim_catcher.pc'
[1.112s] Level 1:colcon.colcon_core.environment:checking '/home/harry/turtlesim_catcher/install/turtlesim_catcher/lib/python3.12/site-packages'
[1.112s] Level 1:colcon.colcon_core.shell:create_environment_hook('turtlesim_catcher', 'pythonpath')
[1.112s] INFO:colcon.colcon_core.shell:Creating environment hook '/home/harry/turtlesim_catcher/install/turtlesim_catcher/share/turtlesim_catcher/hook/pythonpath.ps1'
[1.113s] INFO:colcon.colcon_core.shell:Creating environment descriptor '/home/harry/turtlesim_catcher/install/turtlesim_catcher/share/turtlesim_catcher/hook/pythonpath.dsv'
[1.113s] INFO:colcon.colcon_core.shell:Creating environment hook '/home/harry/turtlesim_catcher/install/turtlesim_catcher/share/turtlesim_catcher/hook/pythonpath.sh'
[1.114s] Level 1:colcon.colcon_core.environment:checking '/home/harry/turtlesim_catcher/install/turtlesim_catcher/bin'
[1.114s] Level 1:colcon.colcon_core.environment:create_environment_scripts_only(turtlesim_catcher)
[1.114s] INFO:colcon.colcon_core.shell:Creating package script '/home/harry/turtlesim_catcher/install/turtlesim_catcher/share/turtlesim_catcher/package.ps1'
[1.115s] INFO:colcon.colcon_core.shell:Creating package descriptor '/home/harry/turtlesim_catcher/install/turtlesim_catcher/share/turtlesim_catcher/package.dsv'
[1.115s] INFO:colcon.colcon_core.shell:Creating package script '/home/harry/turtlesim_catcher/install/turtlesim_catcher/share/turtlesim_catcher/package.sh'
[1.116s] INFO:colcon.colcon_core.shell:Creating package script '/home/harry/turtlesim_catcher/install/turtlesim_catcher/share/turtlesim_catcher/package.bash'
[1.117s] INFO:colcon.colcon_core.shell:Creating package script '/home/harry/turtlesim_catcher/install/turtlesim_catcher/share/turtlesim_catcher/package.zsh'
[1.118s] Level 1:colcon.colcon_core.environment:create_file_with_runtime_dependencies(/home/harry/turtlesim_catcher/install/turtlesim_catcher/share/colcon-core/packages/turtlesim_catcher)
[1.118s] DEBUG:colcon.colcon_parallel_executor.executor.parallel:closing loop
[1.118s] DEBUG:colcon.colcon_parallel_executor.executor.parallel:loop closed
[1.119s] DEBUG:colcon.colcon_parallel_executor.executor.parallel:run_until_complete finished with '0'
[1.119s] DEBUG:colcon.colcon_core.event_reactor:joining thread
[1.123s] INFO:colcon.colcon_core.plugin_system:Skipping extension 'colcon_notification.desktop_notification.terminal_notifier': Not used on non-Darwin systems
[1.124s] INFO:colcon.colcon_core.plugin_system:Skipping extension 'colcon_notification.desktop_notification.win32': Not used on non-Windows systems
[1.124s] INFO:colcon.colcon_notification.desktop_notification:Sending desktop notification using 'notify2'
[1.150s] DEBUG:colcon.colcon_core.event_reactor:joined thread
[1.150s] INFO:colcon.colcon_core.shell:Creating prefix script '/home/harry/turtlesim_catcher/install/local_setup.ps1'
[1.151s] INFO:colcon.colcon_core.shell:Creating prefix util module '/home/harry/turtlesim_catcher/install/_local_setup_util_ps1.py'
[1.152s] INFO:colcon.colcon_core.shell:Creating prefix chain script '/home/harry/turtlesim_catcher/install/setup.ps1'
[1.153s] INFO:colcon.colcon_core.shell:Creating prefix script '/home/harry/turtlesim_catcher/install/local_setup.sh'
[1.154s] INFO:colcon.colcon_core.shell:Creating prefix util module '/home/harry/turtlesim_catcher/install/_local_setup_util_sh.py'
[1.155s] INFO:colcon.colcon_core.shell:Creating prefix chain script '/home/harry/turtlesim_catcher/install/setup.sh'
[1.156s] INFO:colcon.colcon_core.shell:Creating prefix script '/home/harry/turtlesim_catcher/install/local_setup.bash'
[1.157s] INFO:colcon.colcon_core.shell:Creating prefix chain script '/home/harry/turtlesim_catcher/install/setup.bash'
[1.160s] INFO:colcon.colcon_core.shell:Creating prefix script '/home/harry/turtlesim_catcher/install/local_setup.zsh'
[1.161s] INFO:colcon.colcon_core.shell:Creating prefix chain script '/home/harry/turtlesim_catcher/install/setup.zsh'
